<?xml version="1.0" encoding="UTF-8"?>
<!-- Generated by org.testng.reporters.JUnitReportReporter -->
<testsuite skipped="0" hostname="Naga-Laptop" name="scripts.TC5" tests="1" failures="0" timestamp="14 Jun 2018 01:36:28 GMT" time="6.958" errors="0">
  <testcase name="testNewToursLoginExcel" time="6.958" classname="scripts.TC5"/>
</testsuite> <!-- scripts.TC5 -->
