<?xml version="1.0" encoding="UTF-8"?>
<!-- Generated by org.testng.reporters.JUnitReportReporter -->
<testsuite skipped="0" hostname="Naga-Laptop" name="scripts.TC1" tests="1" failures="0" timestamp="05 Jun 2018 01:45:37 GMT" time="6.993" errors="0">
  <testcase name="testLogin" time="6.993" classname="scripts.TC1"/>
</testsuite> <!-- scripts.TC1 -->
