<?xml version="1.0" encoding="UTF-8"?>
<!-- Generated by org.testng.reporters.JUnitReportReporter -->
<testsuite skipped="0" hostname="Naga-Laptop" name="scripts.TC2" tests="1" failures="0" timestamp="13 Jun 2018 01:08:26 GMT" time="18.294" errors="0">
  <testcase name="testLogin_Logout" time="18.294" classname="scripts.TC2"/>
</testsuite> <!-- scripts.TC2 -->
