<?xml version="1.0" encoding="UTF-8"?>
<!-- Generated by org.testng.reporters.JUnitReportReporter -->
<testsuite skipped="0" hostname="Naga-Laptop" name="scripts.TC4" tests="1" failures="0" timestamp="14 Jun 2018 01:36:28 GMT" time="5.377" errors="0">
  <testcase name="testNewToursLogin" time="5.377" classname="scripts.TC4"/>
</testsuite> <!-- scripts.TC4 -->
