<?xml version="1.0" encoding="UTF-8"?>
<!-- Generated by org.testng.reporters.JUnitReportReporter -->
<testsuite skipped="0" hostname="Naga-Laptop" name="scripts.TC4" tests="1" failures="0" timestamp="15 Jun 2018 01:43:46 GMT" time="11.924" errors="0">
  <testcase name="testNewToursLogin" time="11.924" classname="scripts.TC4"/>
</testsuite> <!-- scripts.TC4 -->
